Using pre-set license
Built from '2021.3/staging' branch; Version is '2021.3.16f1 (4016570cf34f) revision 4200023'; Using compiler version '192829333'; Build Type 'Release'
OS: 'Windows 11  (10.0.22621) 64bit Core' Language: 'es' Physical Memory: 16202 MB
BatchMode: 1, IsHumanControllingUs: 0, StartBugReporterOnCrash: 0, Is64bit: 1, IsPro: 1

COMMAND LINE ARGUMENTS:
C:\Program Files\Unity\Hub\Editor\2021.3.16f1\Editor\Unity.exe
-adb2
-batchMode
-noUpm
-name
AssetImportWorker0
-projectPath
C:/Users/Joelb/Documents/GitHub/VideoGame/3Lunas - Videogame
-logFile
Logs/AssetImportWorker0.log
-srvPort
53557
Successfully changed project path to: C:/Users/Joelb/Documents/GitHub/VideoGame/3Lunas - Videogame
C:/Users/Joelb/Documents/GitHub/VideoGame/3Lunas - Videogame
[UnityMemory] Configuration Parameters - Can be set up in boot.config
    "memorysetup-bucket-allocator-granularity=16"
    "memorysetup-bucket-allocator-bucket-count=8"
    "memorysetup-bucket-allocator-block-size=33554432"
    "memorysetup-bucket-allocator-block-count=8"
    "memorysetup-main-allocator-block-size=16777216"
    "memorysetup-thread-allocator-block-size=16777216"
    "memorysetup-gfx-main-allocator-block-size=16777216"
    "memorysetup-gfx-thread-allocator-block-size=16777216"
    "memorysetup-cache-allocator-block-size=4194304"
    "memorysetup-typetree-allocator-block-size=2097152"
    "memorysetup-profiler-bucket-allocator-granularity=16"
    "memorysetup-profiler-bucket-allocator-bucket-count=8"
    "memorysetup-profiler-bucket-allocator-block-size=33554432"
    "memorysetup-profiler-bucket-allocator-block-count=8"
    "memorysetup-profiler-allocator-block-size=16777216"
    "memorysetup-profiler-editor-allocator-block-size=1048576"
    "memorysetup-temp-allocator-size-main=16777216"
    "memorysetup-job-temp-allocator-block-size=2097152"
    "memorysetup-job-temp-allocator-block-size-background=1048576"
    "memorysetup-job-temp-allocator-reduction-small-platforms=262144"
    "memorysetup-temp-allocator-size-background-worker=32768"
    "memorysetup-temp-allocator-size-job-worker=262144"
    "memorysetup-temp-allocator-size-preload-manager=33554432"
    "memorysetup-temp-allocator-size-nav-mesh-worker=65536"
    "memorysetup-temp-allocator-size-audio-worker=65536"
    "memorysetup-temp-allocator-size-cloud-worker=32768"
    "memorysetup-temp-allocator-size-gi-baking-worker=262144"
    "memorysetup-temp-allocator-size-gfx=262144"
Player connection [27080] Host "[IP] 192.168.56.1 [Port] 0 [Flags] 2 [Guid] 633088586 [EditorId] 633088586 [Version] 1048832 [Id] WindowsEditor(7,DESKTOP-FCMLLUK) [Debug] 1 [PackageName] WindowsEditor [ProjectName] Editor" joined multi-casting on [225.0.0.222:54997]...

Player connection [27080] Host "[IP] 192.168.56.1 [Port] 0 [Flags] 2 [Guid] 633088586 [EditorId] 633088586 [Version] 1048832 [Id] WindowsEditor(7,DESKTOP-FCMLLUK) [Debug] 1 [PackageName] WindowsEditor [ProjectName] Editor" joined alternative multi-casting on [225.0.0.222:34997]...

Refreshing native plugins compatible for Editor in 129.03 ms, found 3 plugins.
Preloading 0 native plugins for Editor in 0.00 ms.
Initialize engine version: 2021.3.16f1 (4016570cf34f)
[Subsystems] Discovering subsystems at path C:/Program Files/Unity/Hub/Editor/2021.3.16f1/Editor/Data/Resources/UnitySubsystems
[Subsystems] Discovering subsystems at path C:/Users/Joelb/Documents/GitHub/VideoGame/3Lunas - Videogame/Assets
GfxDevice: creating device client; threaded=0; jobified=0
Direct3D:
    Version:  Direct3D 11.0 [level 11.1]
    Renderer: NVIDIA GeForce RTX 3060 Laptop GPU (ID=0x2520)
    Vendor:   NVIDIA
    VRAM:     6009 MB
    Driver:   31.0.15.2849
Initialize mono
Mono path[0] = 'C:/Program Files/Unity/Hub/Editor/2021.3.16f1/Editor/Data/Managed'
Mono path[1] = 'C:/Program Files/Unity/Hub/Editor/2021.3.16f1/Editor/Data/MonoBleedingEdge/lib/mono/unityjit-win32'
Mono config path = 'C:/Program Files/Unity/Hub/Editor/2021.3.16f1/Editor/Data/MonoBleedingEdge/etc'
Using monoOptions --debugger-agent=transport=dt_socket,embedding=1,server=y,suspend=n,address=127.0.0.1:56652
Begin MonoManager ReloadAssembly
Registering precompiled unity dll's ...
Register platform support module: C:/Program Files/Unity/Hub/Editor/2021.3.16f1/Editor/Data/PlaybackEngines/WebGLSupport/UnityEditor.WebGL.Extensions.dll
Register platform support module: C:/Program Files/Unity/Hub/Editor/2021.3.16f1/Editor/Data/PlaybackEngines/AndroidPlayer/UnityEditor.Android.Extensions.dll
Register platform support module: C:/Program Files/Unity/Hub/Editor/2021.3.16f1/Editor/Data/PlaybackEngines/WindowsStandaloneSupport/UnityEditor.WindowsStandalone.Extensions.dll
Registered in 0.009796 seconds.
Native extension for WindowsStandalone target not found
Native extension for Android target not found
Native extension for WebGL target not found
Refreshing native plugins compatible for Editor in 118.45 ms, found 3 plugins.
Preloading 0 native plugins for Editor in 0.00 ms.
Mono: successfully reloaded assembly
- Completed reload, in  0.786 seconds
Domain Reload Profiling:
	ReloadAssembly (787ms)
		BeginReloadAssembly (79ms)
			ExecutionOrderSort (0ms)
			DisableScriptedObjects (0ms)
			BackupInstance (0ms)
			ReleaseScriptingObjects (0ms)
			CreateAndSetChildDomain (1ms)
		EndReloadAssembly (576ms)
			LoadAssemblies (77ms)
			RebuildTransferFunctionScriptingTraits (0ms)
			SetupTypeCache (160ms)
			ReleaseScriptCaches (0ms)
			RebuildScriptCaches (30ms)
			SetupLoadedEditorAssemblies (334ms)
				LogAssemblyErrors (0ms)
				InitializePlatformSupportModulesInManaged (61ms)
				SetLoadedEditorAssemblies (0ms)
				RefreshPlugins (119ms)
				BeforeProcessingInitializeOnLoad (1ms)
				ProcessInitializeOnLoadAttributes (108ms)
				ProcessInitializeOnLoadMethodAttributes (45ms)
				AfterProcessingInitializeOnLoad (0ms)
				EditorAssembliesLoaded (0ms)
			ExecutionOrderSort2 (0ms)
			AwakeInstancesAfterBackupRestoration (0ms)
Platform modules already initialized, skipping
Registering precompiled user dll's ...
Registered in 0.004867 seconds.
Android Extension - Scanning For ADB Devices 5006 ms
Begin MonoManager ReloadAssembly
Symbol file LoadedFromMemory doesn't match image C:\Users\Joelb\Documents\GitHub\VideoGame\3Lunas - Videogame\Library\PackageCache\com.unity.visualscripting@1.7.8\Editor\VisualScripting.Core\Dependencies\YamlDotNet\Unity.VisualScripting.YamlDotNet.dll
Symbol file LoadedFromMemory doesn't match image C:\Users\Joelb\Documents\GitHub\VideoGame\3Lunas - Videogame\Library\PackageCache\com.unity.visualscripting@1.7.8\Editor\VisualScripting.Core\Dependencies\DotNetZip\Unity.VisualScripting.IonicZip.dll
Native extension for WindowsStandalone target not found
Native extension for Android target not found
Native extension for WebGL target not found
Refreshing native plugins compatible for Editor in 1.05 ms, found 3 plugins.
Preloading 0 native plugins for Editor in 0.00 ms.
Mono: successfully reloaded assembly
- Completed reload, in  2.450 seconds
Domain Reload Profiling:
	ReloadAssembly (2451ms)
		BeginReloadAssembly (120ms)
			ExecutionOrderSort (0ms)
			DisableScriptedObjects (8ms)
			BackupInstance (0ms)
			ReleaseScriptingObjects (0ms)
			CreateAndSetChildDomain (20ms)
		EndReloadAssembly (2209ms)
			LoadAssemblies (151ms)
			RebuildTransferFunctionScriptingTraits (0ms)
			SetupTypeCache (321ms)
			ReleaseScriptCaches (1ms)
			RebuildScriptCaches (55ms)
			SetupLoadedEditorAssemblies (1638ms)
				LogAssemblyErrors (0ms)
				InitializePlatformSupportModulesInManaged (16ms)
				SetLoadedEditorAssemblies (0ms)
				RefreshPlugins (1ms)
				BeforeProcessingInitializeOnLoad (96ms)
				ProcessInitializeOnLoadAttributes (317ms)
				ProcessInitializeOnLoadMethodAttributes (1202ms)
				AfterProcessingInitializeOnLoad (6ms)
				EditorAssembliesLoaded (0ms)
			ExecutionOrderSort2 (0ms)
			AwakeInstancesAfterBackupRestoration (6ms)
Platform modules already initialized, skipping
========================================================================
Worker process is ready to serve import requests
Launched and connected shader compiler UnityShaderCompiler.exe after 0.05 seconds
Refreshing native plugins compatible for Editor in 2.12 ms, found 3 plugins.
Preloading 0 native plugins for Editor in 0.00 ms.
Unloading 3371 Unused Serialized files (Serialized files now loaded: 0)
Unloading 27 unused Assets / (115.2 KB). Loaded Objects now: 3831.
Memory consumption went from 124.4 MB to 124.3 MB.
Total: 10.769400 ms (FindLiveObjects: 0.443200 ms CreateObjectMapping: 0.452000 ms MarkObjects: 9.651800 ms  DeleteObjects: 0.220200 ms)

AssetImportParameters requested are different than current active one (requested -> active):
  custom:video-decoder-ogg-theora: a1e56fd34408186e4bbccfd4996cb3dc -> 
  custom:container-muxer-webm: aa71ff27fc2769a1b78a27578f13a17b -> 
  custom:container-demuxer-webm: 4f35f7cbe854078d1ac9338744f61a02 -> 
  custom:video-encoder-webm-vp8: eb34c28f22e8b96e1ab97ce403110664 -> 
  custom:audio-encoder-webm-vorbis: bf7c407c2cedff20999df2af8eb42d56 -> 
  custom:framework-win-MediaFoundation: 216162199b28c13a410421893ffa2e32 -> 
  custom:container-demuxer-ogg: 62fdf1f143b41e24485cea50d1cbac27 -> 
  custom:video-decoder-webm-vp8: 9c59270c3fd7afecdb556c50c9e8de78 -> 
  custom:audio-decoder-ogg-vorbis: bf7c407c2cedff20999df2af8eb42d56 -> 
========================================================================
Received Import Request.
  Time since last request: 125102.173799 seconds.
  path: Assets/PolygonDungeon/Scenes
  artifactKey: Guid(667dadc4b6def4b4c8cd1f6b2bb6b467) Importer(815301076,1909f56bfc062723c751e8b465ee728b)
Start importing Assets/PolygonDungeon/Scenes using Guid(667dadc4b6def4b4c8cd1f6b2bb6b467) Importer(815301076,1909f56bfc062723c751e8b465ee728b)  -> (artifact id: '7e48c72ec46e96427006c2dfc2843047') in 0.048302 seconds 
========================================================================
Received Import Request.
  Time since last request: 69.139459 seconds.
  path: Assets/PolygonDungeon/Scenes/Overview.unity
  artifactKey: Guid(af9a4cb92e9f73243b46e64789af715a) Importer(815301076,1909f56bfc062723c751e8b465ee728b)
Start importing Assets/PolygonDungeon/Scenes/Overview.unity using Guid(af9a4cb92e9f73243b46e64789af715a) Importer(815301076,1909f56bfc062723c751e8b465ee728b)  -> (artifact id: 'f1e70abea70f8dd2a22a9dda5b899f33') in 0.006869 seconds 
========================================================================
Received Import Request.
  Time since last request: 18.146206 seconds.
  path: Assets/PolygonDungeonMap/Scene
  artifactKey: Guid(e416caf67e8016b4685444b56bed3544) Importer(815301076,1909f56bfc062723c751e8b465ee728b)
Start importing Assets/PolygonDungeonMap/Scene using Guid(e416caf67e8016b4685444b56bed3544) Importer(815301076,1909f56bfc062723c751e8b465ee728b)  -> (artifact id: '2505a67f72b46044b02f647a23e10bc1') in 0.008127 seconds 
========================================================================
Received Import Request.
  Time since last request: 1.314724 seconds.
  path: Assets/PolygonDungeonMap/Scene/Dungeon_Map_Demo.unity
  artifactKey: Guid(ce6e637245198364d94ebf8230a8e97e) Importer(815301076,1909f56bfc062723c751e8b465ee728b)
Start importing Assets/PolygonDungeonMap/Scene/Dungeon_Map_Demo.unity using Guid(ce6e637245198364d94ebf8230a8e97e) Importer(815301076,1909f56bfc062723c751e8b465ee728b)  -> (artifact id: '99c39442c8d77645768e86acd01d1521') in 0.006524 seconds 
========================================================================
Received Import Request.
  Time since last request: 93.704612 seconds.
  path: Assets/PolygonNature/Scenes/DemoScene_01.unity
  artifactKey: Guid(d5673b812d5fa6d4abc53777e9b3fa6b) Importer(815301076,1909f56bfc062723c751e8b465ee728b)
Start importing Assets/PolygonNature/Scenes/DemoScene_01.unity using Guid(d5673b812d5fa6d4abc53777e9b3fa6b) Importer(815301076,1909f56bfc062723c751e8b465ee728b)  -> (artifact id: 'bae16c72cf8b70786c8e37ee24e0d810') in 0.006904 seconds 
========================================================================
Received Import Request.
  Time since last request: 20.357091 seconds.
  path: Assets/PolygonNature/Scenes/DemoScene_Classic_Trees.unity
  artifactKey: Guid(8866da7caad60954a93a5a2f437a384b) Importer(815301076,1909f56bfc062723c751e8b465ee728b)
Start importing Assets/PolygonNature/Scenes/DemoScene_Classic_Trees.unity using Guid(8866da7caad60954a93a5a2f437a384b) Importer(815301076,1909f56bfc062723c751e8b465ee728b)  -> (artifact id: 'a2e9ef79661e9e7776b3d05ecf972eeb') in 0.005784 seconds 
========================================================================
Received Import Request.
  Time since last request: 20.766193 seconds.
  path: Assets/PolygonPrototype/Scenes
  artifactKey: Guid(b062322faa4a9d94592dff73f39ddc30) Importer(815301076,1909f56bfc062723c751e8b465ee728b)
Start importing Assets/PolygonPrototype/Scenes using Guid(b062322faa4a9d94592dff73f39ddc30) Importer(815301076,1909f56bfc062723c751e8b465ee728b)  -> (artifact id: '5907ec8fbda81f5253d353fa259356f8') in 0.002154 seconds 
========================================================================
Received Import Request.
  Time since last request: 0.813761 seconds.
  path: Assets/PolygonPrototype/Scenes/Demo.unity
  artifactKey: Guid(e308ad70bb070dd41a0c97e5d8548173) Importer(815301076,1909f56bfc062723c751e8b465ee728b)
Start importing Assets/PolygonPrototype/Scenes/Demo.unity using Guid(e308ad70bb070dd41a0c97e5d8548173) Importer(815301076,1909f56bfc062723c751e8b465ee728b)  -> (artifact id: 'ee21a7db06736e3352355e410e1d3875') in 0.006308 seconds 
